2018-10-29 13:08:44,686 INFO  [org.jboss.modules] (main) JBoss Modules version 1.8.5.Final
2018-10-29 13:08:45,267 INFO  [org.jboss.msc] (main) JBoss MSC version 1.4.2.Final
2018-10-29 13:08:45,278 INFO  [org.jboss.threads] (main) JBoss Threads version 2.3.2.Final
2018-10-29 13:08:45,445 INFO  [org.jboss.as] (MSC service thread 1-1) WFLYSRV0049: WildFly Full 13.0.0.Final (WildFly Core 5.0.0.Final) starting
2018-10-29 13:08:45,448 DEBUG [org.jboss.as.config] (MSC service thread 1-1) Configured system properties:
	awt.toolkit = sun.awt.windows.WToolkit
	file.encoding = Cp1252
	file.encoding.pkg = sun.io
	file.separator = \
	java.awt.graphicsenv = sun.awt.Win32GraphicsEnvironment
	java.awt.printerjob = sun.awt.windows.WPrinterJob
	java.class.path = C:\Users\Admin\Documents\GitHub\ProjetS3\Serveur_Local\wildfly-13.0.0.Final\jboss-modules.jar
	java.class.version = 52.0
	java.endorsed.dirs = C:\Program Files\Java\jdk1.8.0_181\jre\lib\endorsed
	java.ext.dirs = C:\Program Files\Java\jdk1.8.0_181\jre\lib\ext;C:\WINDOWS\Sun\Java\lib\ext
	java.home = C:\Program Files\Java\jdk1.8.0_181\jre
	java.io.tmpdir = C:\Users\Admin\AppData\Local\Temp\
	java.library.path = C:\Program Files\Java\jdk1.8.0_181\bin;C:\WINDOWS\Sun\Java\bin;C:\WINDOWS\system32;C:\WINDOWS;C:\Program Files (x86)\Common Files\Oracle\Java\javapath;C:\Program Files (x86)\Intel\iCLS Client\;C:\Program Files\Intel\iCLS Client\;C:\Windows\system32;C:\Windows;C:\Windows\System32\Wbem;C:\Windows\System32\WindowsPowerShell\v1.0\;C:\Program Files (x86)\NVIDIA Corporation\PhysX\Common;C:\WINDOWS\system32;C:\WINDOWS;C:\WINDOWS\System32\Wbem;C:\WINDOWS\System32\WindowsPowerShell\v1.0\;C:\WINDOWS\System32\OpenSSH\;C:\Program Files (x86)\Intel\Intel(R) Management Engine Components\DAL;C:\Program Files\Intel\Intel(R) Management Engine Components\DAL;C:\Program Files (x86)\Intel\Intel(R) Management Engine Components\IPT;C:\Program Files\Intel\Intel(R) Management Engine Components\IPT;C:\Program Files\nodejs\;C:\Program Files\Git\cmd;C:\Users\Admin\AppData\Local\Programs\Python\Python37-32\Scripts\;C:\Users\Admin\AppData\Local\Programs\Python\Python37-32\;C:\Users\Admin\AppData\Local\Microsoft\WindowsApps;C:\Gradle\gradle-4.10.2\bin;C:\Users\Admin\AppData\Local\Programs\Microsoft VS Code\bin;C:\Users\Admin\AppData\Roaming\npm;C:\Users\Admin\AppData\Local\GitHubDesktop\bin;%USERPROFILE%\AppData\Local\Microsoft\WindowsApps;;.
	java.net.preferIPv4Stack = true
	java.runtime.name = Java(TM) SE Runtime Environment
	java.runtime.version = 1.8.0_181-b13
	java.specification.name = Java Platform API Specification
	java.specification.vendor = Oracle Corporation
	java.specification.version = 1.8
	java.util.logging.manager = org.jboss.logmanager.LogManager
	java.vendor = Oracle Corporation
	java.vendor.url = http://java.oracle.com/
	java.vendor.url.bug = http://bugreport.sun.com/bugreport/
	java.version = 1.8.0_181
	java.vm.info = mixed mode
	java.vm.name = Java HotSpot(TM) 64-Bit Server VM
	java.vm.specification.name = Java Virtual Machine Specification
	java.vm.specification.vendor = Oracle Corporation
	java.vm.specification.version = 1.8
	java.vm.vendor = Oracle Corporation
	java.vm.version = 25.181-b13
	javax.management.builder.initial = org.jboss.as.jmx.PluggableMBeanServerBuilder
	jboss.home.dir = C:\Users\Admin\Documents\GitHub\ProjetS3\Serveur_Local\wildfly-13.0.0.Final
	jboss.host.name = desktop-fjtvepd
	jboss.modules.dir = C:\Users\Admin\Documents\GitHub\ProjetS3\Serveur_Local\wildfly-13.0.0.Final\modules
	jboss.modules.system.pkgs = org.jboss.byteman
	jboss.node.name = desktop-fjtvepd
	jboss.qualified.host.name = desktop-fjtvepd
	jboss.server.base.dir = C:\Users\Admin\Documents\GitHub\ProjetS3\Serveur_Local\wildfly-13.0.0.Final\standalone
	jboss.server.config.dir = C:\Users\Admin\Documents\GitHub\ProjetS3\Serveur_Local\wildfly-13.0.0.Final\standalone\configuration
	jboss.server.data.dir = C:\Users\Admin\Documents\GitHub\ProjetS3\Serveur_Local\wildfly-13.0.0.Final\standalone\data
	jboss.server.deploy.dir = C:\Users\Admin\Documents\GitHub\ProjetS3\Serveur_Local\wildfly-13.0.0.Final\standalone\data\content
	jboss.server.log.dir = C:\Users\Admin\Documents\GitHub\ProjetS3\Serveur_Local\wildfly-13.0.0.Final\standalone\log
	jboss.server.name = desktop-fjtvepd
	jboss.server.persist.config = true
	jboss.server.temp.dir = C:\Users\Admin\Documents\GitHub\ProjetS3\Serveur_Local\wildfly-13.0.0.Final\standalone\tmp
	line.separator = 

	logging.configuration = file:C:\Users\Admin\Documents\GitHub\ProjetS3\Serveur_Local\wildfly-13.0.0.Final\standalone\configuration/logging.properties
	module.path = C:\Users\Admin\Documents\GitHub\ProjetS3\Serveur_Local\wildfly-13.0.0.Final\modules
	org.jboss.boot.log.file = C:\Users\Admin\Documents\GitHub\ProjetS3\Serveur_Local\wildfly-13.0.0.Final\standalone\log\server.log
	org.jboss.resolver.warning = true
	os.arch = amd64
	os.name = Windows 10
	os.version = 10.0
	path.separator = ;
	program.name = standalone.bat
	sun.arch.data.model = 64
	sun.boot.class.path = C:\Program Files\Java\jdk1.8.0_181\jre\lib\resources.jar;C:\Program Files\Java\jdk1.8.0_181\jre\lib\rt.jar;C:\Program Files\Java\jdk1.8.0_181\jre\lib\sunrsasign.jar;C:\Program Files\Java\jdk1.8.0_181\jre\lib\jsse.jar;C:\Program Files\Java\jdk1.8.0_181\jre\lib\jce.jar;C:\Program Files\Java\jdk1.8.0_181\jre\lib\charsets.jar;C:\Program Files\Java\jdk1.8.0_181\jre\lib\jfr.jar;C:\Program Files\Java\jdk1.8.0_181\jre\classes
	sun.boot.library.path = C:\Program Files\Java\jdk1.8.0_181\jre\bin
	sun.cpu.endian = little
	sun.cpu.isalist = amd64
	sun.desktop = windows
	sun.io.unicode.encoding = UnicodeLittle
	sun.java.command = C:\Users\Admin\Documents\GitHub\ProjetS3\Serveur_Local\wildfly-13.0.0.Final\jboss-modules.jar -mp C:\Users\Admin\Documents\GitHub\ProjetS3\Serveur_Local\wildfly-13.0.0.Final\modules org.jboss.as.standalone -Djboss.home.dir=C:\Users\Admin\Documents\GitHub\ProjetS3\Serveur_Local\wildfly-13.0.0.Final
	sun.java.launcher = SUN_STANDARD
	sun.jnu.encoding = Cp1252
	sun.management.compiler = HotSpot 64-Bit Tiered Compilers
	sun.os.patch.level = 
	user.country = CA
	user.dir = C:\Users\Admin\Documents\GitHub\ProjetS3\Serveur_Local\wildfly-13.0.0.Final\bin
	user.home = C:\Users\Admin
	user.language = en
	user.name = Admin
	user.script = 
	user.timezone = America/New_York
	user.variant = 
2018-10-29 13:08:45,450 DEBUG [org.jboss.as.config] (MSC service thread 1-1) VM Arguments: -Dprogram.name=standalone.bat -Xms64M -Xmx512M -XX:MetaspaceSize=96M -XX:MaxMetaspaceSize=256m -Djava.net.preferIPv4Stack=true -Djboss.modules.system.pkgs=org.jboss.byteman -Dorg.jboss.boot.log.file=C:\Users\Admin\Documents\GitHub\ProjetS3\Serveur_Local\wildfly-13.0.0.Final\standalone\log\server.log -Dlogging.configuration=file:C:\Users\Admin\Documents\GitHub\ProjetS3\Serveur_Local\wildfly-13.0.0.Final\standalone\configuration/logging.properties 
2018-10-29 13:08:46,980 INFO  [org.jboss.as.controller.management-deprecated] (Controller Boot Thread) WFLYCTL0028: Attribute 'security-realm' in the resource at address '/core-service=management/management-interface=http-interface' is deprecated, and may be removed in a future version. See the attribute description in the output of the read-resource-description operation to learn more about the deprecation.
2018-10-29 13:08:47,004 INFO  [org.jboss.as.controller.management-deprecated] (ServerService Thread Pool -- 10) WFLYCTL0028: Attribute 'security-realm' in the resource at address '/subsystem=undertow/server=default-server/https-listener=https' is deprecated, and may be removed in a future version. See the attribute description in the output of the read-resource-description operation to learn more about the deprecation.
2018-10-29 13:08:47,049 INFO  [org.wildfly.security] (ServerService Thread Pool -- 11) ELY00001: WildFly Elytron version 1.3.3.Final
2018-10-29 13:08:47,117 INFO  [org.jboss.as.server] (Controller Boot Thread) WFLYSRV0039: Creating http management service using socket-binding (management-http)
2018-10-29 13:08:47,152 INFO  [org.xnio] (MSC service thread 1-7) XNIO version 3.6.3.Final
2018-10-29 13:08:47,160 INFO  [org.xnio.nio] (MSC service thread 1-7) XNIO NIO Implementation Version 3.6.3.Final
2018-10-29 13:08:47,228 INFO  [org.jboss.as.clustering.infinispan] (ServerService Thread Pool -- 45) WFLYCLINF0001: Activating Infinispan subsystem.
2018-10-29 13:08:47,254 INFO  [org.jboss.as.ee] (ServerService Thread Pool -- 41) WFLYEE0118: The system property 'ee8.preview.mode' is set to 'true'. For provided EE 8 APIs where the EE 8 version of the API differs from what is supported in EE 7, the EE 8 variant of the API will be used. Support for this setting will be removed once all EE 8 APIs are provided and certified.
2018-10-29 13:08:47,254 INFO  [org.jboss.as.security] (ServerService Thread Pool -- 60) WFLYSEC0002: Activating Security Subsystem
2018-10-29 13:08:47,254 INFO  [org.jboss.as.naming] (ServerService Thread Pool -- 54) WFLYNAM0001: Activating Naming Subsystem
2018-10-29 13:08:47,254 WARN  [org.jboss.as.txn] (ServerService Thread Pool -- 62) WFLYTX0013: The node-identifier attribute on the /subsystem=transactions is set to the default value. This is a danger for environments running multiple servers. Please make sure the attribute value is unique.
2018-10-29 13:08:47,282 INFO  [org.jboss.as.security] (MSC service thread 1-2) WFLYSEC0001: Current PicketBox version=5.0.2.Final
2018-10-29 13:08:47,283 INFO  [org.jboss.as.webservices] (ServerService Thread Pool -- 64) WFLYWS0002: Activating WebServices Extension
2018-10-29 13:08:47,287 INFO  [org.jboss.as.jsf] (ServerService Thread Pool -- 52) WFLYJSF0007: Activated the following JSF Implementations: [main]
2018-10-29 13:08:47,309 INFO  [org.jboss.as.connector] (MSC service thread 1-4) WFLYJCA0009: Starting JCA Subsystem (WildFly/IronJacamar 1.4.9.Final)
2018-10-29 13:08:47,354 INFO  [org.jboss.as.jaxrs] (ServerService Thread Pool -- 47) WFLYRS0016: RESTEasy version 3.5.1.Final
2018-10-29 13:08:47,407 INFO  [org.jboss.as.connector.subsystems.datasources] (ServerService Thread Pool -- 38) WFLYJCA0004: Deploying JDBC-compliant driver class org.h2.Driver (version 1.4)
2018-10-29 13:08:47,410 INFO  [org.jboss.as.connector.deployers.jdbc] (MSC service thread 1-1) WFLYJCA0018: Started Driver service with driver-name = h2
2018-10-29 13:08:47,433 INFO  [org.wildfly.extension.undertow] (MSC service thread 1-2) WFLYUT0003: Undertow 2.0.9.Final starting
2018-10-29 13:08:47,493 INFO  [org.jboss.as.naming] (MSC service thread 1-4) WFLYNAM0003: Starting Naming Service
2018-10-29 13:08:47,595 INFO  [org.jboss.as.mail.extension] (MSC service thread 1-5) WFLYMAIL0001: Bound mail session [java:jboss/mail/Default]
2018-10-29 13:08:47,688 INFO  [org.wildfly.extension.io] (ServerService Thread Pool -- 46) WFLYIO001: Worker 'default' has auto-configured to 16 core threads with 128 task threads based on your 8 available processors
2018-10-29 13:08:47,727 INFO  [org.wildfly.extension.undertow] (ServerService Thread Pool -- 63) WFLYUT0014: Creating file handler for path 'C:\Users\Admin\Documents\GitHub\ProjetS3\Serveur_Local\wildfly-13.0.0.Final/welcome-content' with options [directory-listing: 'false', follow-symlink: 'false', case-sensitive: 'true', safe-symlink-paths: '[]']
2018-10-29 13:08:47,768 INFO  [org.jboss.as.ejb3] (MSC service thread 1-5) WFLYEJB0482: Strict pool mdb-strict-max-pool is using a max instance size of 32 (per class), which is derived from the number of CPUs on this host.
2018-10-29 13:08:47,768 INFO  [org.jboss.as.ejb3] (MSC service thread 1-2) WFLYEJB0481: Strict pool slsb-strict-max-pool is using a max instance size of 128 (per class), which is derived from thread worker pool sizing.
2018-10-29 13:08:47,795 INFO  [org.jboss.remoting] (MSC service thread 1-4) JBoss Remoting version 5.0.7.Final
2018-10-29 13:08:47,796 INFO  [org.wildfly.extension.undertow] (MSC service thread 1-8) WFLYUT0012: Started server default-server.
2018-10-29 13:08:47,796 INFO  [org.wildfly.extension.undertow] (MSC service thread 1-1) WFLYUT0018: Host default-host starting
2018-10-29 13:08:47,888 INFO  [org.wildfly.extension.undertow] (MSC service thread 1-8) WFLYUT0006: Undertow HTTP listener default listening on 127.0.0.1:8080
2018-10-29 13:08:47,945 INFO  [org.jboss.as.ejb3] (MSC service thread 1-6) WFLYEJB0493: EJB subsystem suspension complete
2018-10-29 13:08:48,371 INFO  [org.jboss.as.patching] (MSC service thread 1-4) WFLYPAT0050: WildFly Full cumulative patch ID is: base, one-off patches include: none
2018-10-29 13:08:48,388 WARN  [org.jboss.as.domain.management.security] (MSC service thread 1-8) WFLYDM0111: Keystore C:\Users\Admin\Documents\GitHub\ProjetS3\Serveur_Local\wildfly-13.0.0.Final\standalone\configuration\application.keystore not found, it will be auto generated on first use with a self signed certificate for host localhost
2018-10-29 13:08:48,391 INFO  [org.jboss.as.server.deployment.scanner] (MSC service thread 1-1) WFLYDS0013: Started FileSystemDeploymentService for directory C:\Users\Admin\Documents\GitHub\ProjetS3\Serveur_Local\wildfly-13.0.0.Final\standalone\deployments
2018-10-29 13:08:48,402 INFO  [org.jboss.as.server.deployment] (MSC service thread 1-6) WFLYSRV0027: Starting deployment of "postgresql-42.2.4.jar" (runtime-name: "jdbc")
2018-10-29 13:08:48,833 INFO  [org.wildfly.extension.undertow] (MSC service thread 1-4) WFLYUT0006: Undertow HTTPS listener https listening on 127.0.0.1:8443
2018-10-29 13:08:48,934 INFO  [org.jboss.ws.common.management] (MSC service thread 1-7) JBWS022052: Starting JBossWS 5.2.1.Final (Apache CXF 3.2.4.jbossorg-1) 
2018-10-29 13:08:49,309 INFO  [org.jboss.as.connector.deployers.jdbc] (MSC service thread 1-8) WFLYJCA0005: Deploying non-JDBC-compliant driver class org.postgresql.Driver (version 42.2)
2018-10-29 13:08:49,322 INFO  [org.jboss.as.connector.deployers.jdbc] (MSC service thread 1-7) WFLYJCA0018: Started Driver service with driver-name = jdbc
2018-10-29 13:08:49,388 INFO  [org.jboss.as.connector.subsystems.datasources] (MSC service thread 1-1) WFLYJCA0001: Bound data source [java:/jdbc/postgres/fusion/api]
2018-10-29 13:08:49,747 INFO  [org.infinispan.factories.GlobalComponentRegistry] (MSC service thread 1-2) ISPN000128: Infinispan version: Infinispan 'Gaina' 9.2.4.Final
2018-10-29 13:08:49,986 INFO  [org.jboss.as.clustering.infinispan] (ServerService Thread Pool -- 66) WFLYCLINF0002: Started client-mappings cache from ejb container
2018-10-29 13:08:50,049 INFO  [org.jboss.as.server] (Controller Boot Thread) WFLYSRV0010: Deployed "postgresql-42.2.4.jar" (runtime-name : "jdbc")
2018-10-29 13:08:50,097 INFO  [org.jboss.as.server] (Controller Boot Thread) WFLYSRV0212: Resuming server
2018-10-29 13:08:50,099 INFO  [org.jboss.as] (Controller Boot Thread) WFLYSRV0060: Http management interface listening on http://127.0.0.1:9990/management
2018-10-29 13:08:50,099 INFO  [org.jboss.as] (Controller Boot Thread) WFLYSRV0051: Admin console listening on http://127.0.0.1:9990
2018-10-29 13:08:50,099 INFO  [org.jboss.as] (Controller Boot Thread) WFLYSRV0025: WildFly Full 13.0.0.Final (WildFly Core 5.0.0.Final) started in 6008ms - Started 364 of 556 services (311 services are lazy, passive or on-demand)
2018-10-29 13:08:50,540 INFO  [org.jboss.as.server.deployment] (MSC service thread 1-4) WFLYSRV0027: Starting deployment of "Serveur_Local.war" (runtime-name: "Serveur_Local.war")
2018-10-29 13:08:51,436 INFO  [org.jboss.weld.deployer] (MSC service thread 1-8) WFLYWELD0003: Processing weld deployment Serveur_Local.war
2018-10-29 13:08:51,567 INFO  [org.hibernate.validator.internal.util.Version] (MSC service thread 1-8) HV000001: Hibernate Validator 6.0.10.Final
2018-10-29 13:08:51,847 INFO  [org.jboss.as.connector.deployers.jdbc] (MSC service thread 1-2) WFLYJCA0005: Deploying non-JDBC-compliant driver class org.postgresql.Driver (version 42.2)
2018-10-29 13:08:51,883 INFO  [org.jboss.weld.Version] (MSC service thread 1-2) WELD-000900: 3.0.4 (Final)
2018-10-29 13:08:51,946 INFO  [org.jboss.as.connector.deployers.jdbc] (MSC service thread 1-4) WFLYJCA0018: Started Driver service with driver-name = Serveur_Local.war_org.postgresql.Driver_42_2
2018-10-29 13:08:52,213 INFO  [org.jboss.weld.Event] (MSC service thread 1-7) WELD-000411: Observer method [BackedAnnotatedMethod] protected org.mybatis.cdi.MybatisExtension.processAnnotatedType(@Observes ProcessAnnotatedType<T>) receives events for all annotated types. Consider restricting events using @WithAnnotations or a generic type with bounds.
2018-10-29 13:08:52,222 INFO  [org.jboss.weld.Event] (MSC service thread 1-7) WELD-000411: Observer method [BackedAnnotatedMethod] public org.hibernate.validator.cdi.ValidationExtension.processAnnotatedType(@Observes ProcessAnnotatedType<T>) receives events for all annotated types. Consider restricting events using @WithAnnotations or a generic type with bounds.
2018-10-29 13:08:52,237 WARN  [org.jboss.weld.Bootstrap] (MSC service thread 1-7) WELD-000146: BeforeBeanDiscovery.addAnnotatedType(AnnotatedType<?>) used for class org.jberet.creation.BatchBeanProducer is deprecated from CDI 1.1!
2018-10-29 13:08:52,344 INFO  [org.mybatis.cdi.MybatisExtension] (MSC service thread 1-7) MyBatis CDI Module - Found class with @Mapper-annotation: Annonce_Mapper
2018-10-29 13:08:52,356 INFO  [org.mybatis.cdi.MybatisExtension] (MSC service thread 1-7) MyBatis CDI Module - Found class with @Mapper-annotation: EtudiantMapper
2018-10-29 13:08:52,551 INFO  [org.mybatis.cdi.MybatisExtension] (MSC service thread 1-7) MyBatis CDI Module - SqlSessionFactory producer MyBatisSqlSessionFactoryProducer.produceFactory
2018-10-29 13:08:52,600 INFO  [org.mybatis.cdi.MybatisExtension] (MSC service thread 1-7) MyBatis CDI Module - Activated
2018-10-29 13:08:52,600 INFO  [org.mybatis.cdi.MybatisExtension] (MSC service thread 1-7) MyBatis CDI Module - Found a bean, which needs a Mapper interface ca.usherbrooke.gegi.server.persistence.Annonce_Mapper
2018-10-29 13:08:52,600 INFO  [org.mybatis.cdi.MybatisExtension] (MSC service thread 1-7) MyBatis CDI Module - Found a bean, which needs a Mapper interface ca.usherbrooke.gegi.server.persistence.EtudiantMapper
2018-10-29 13:08:52,601 INFO  [org.mybatis.cdi.MybatisExtension] (MSC service thread 1-7) MyBatis CDI Module - Managed Mapper dependency: ca.usherbrooke.gegi.server.persistence.EtudiantMapper, ca.usherbrooke.gegi.server.persistence.EtudiantMapper
2018-10-29 13:08:52,601 INFO  [org.mybatis.cdi.MybatisExtension] (MSC service thread 1-7) MyBatis CDI Module - Managed Mapper dependency: ca.usherbrooke.gegi.server.persistence.Annonce_Mapper, ca.usherbrooke.gegi.server.persistence.Annonce_Mapper
2018-10-29 13:08:52,601 INFO  [org.mybatis.cdi.MybatisExtension] (MSC service thread 1-7) MyBatis CDI Module - Managed SqlSession: org.apache.ibatis.session.SqlSession, org.apache.ibatis.session.SqlSession
2018-10-29 13:08:53,203 INFO  [org.jboss.resteasy.resteasy_jaxrs.i18n] (ServerService Thread Pool -- 5) RESTEASY002225: Deploying javax.ws.rs.core.Application: class ca.usherbrooke.gegi.server.injection.RestApplicationPathConfig
2018-10-29 13:08:53,245 INFO  [org.wildfly.extension.undertow] (ServerService Thread Pool -- 5) WFLYUT0021: Registered web context: '/Serveur_Local' for server 'default-server'
2018-10-29 13:08:53,316 INFO  [org.jboss.as.server] (management-handler-thread - 1) WFLYSRV0010: Deployed "Serveur_Local.war" (runtime-name : "Serveur_Local.war")
2018-10-29 13:08:53,541 INFO  [org.jasig.cas.client.configuration.WebXmlConfigurationStrategyImpl] (default task-1) Property [serverName] loaded from FilterConfig.getInitParameter with value [http://localhost:8080]
2018-10-29 13:08:53,543 INFO  [org.jasig.cas.client.configuration.WebXmlConfigurationStrategyImpl] (default task-1) Property [casServerLoginUrl] loaded from FilterConfig.getInitParameter with value [https://cas.usherbrooke.ca/login]
2018-10-29 13:08:53,547 INFO  [org.jasig.cas.client.configuration.WebXmlConfigurationStrategyImpl] (default task-1) Property [serverName] loaded from FilterConfig.getInitParameter with value [http://localhost:8080]
2018-10-29 13:08:53,551 INFO  [org.jasig.cas.client.configuration.WebXmlConfigurationStrategyImpl] (default task-1) Property [casServerUrlPrefix] loaded from FilterConfig.getInitParameter with value [https://cas.usherbrooke.ca]
2018-10-29 13:09:57,655 INFO  [stdout] (default task-1) tuzg2701
2018-10-29 14:44:26,742 INFO  [org.jboss.as.ee] (ServerService Thread Pool -- 41) WFLYEE0118: The system property 'ee8.preview.mode' is set to 'true'. For provided EE 8 APIs where the EE 8 version of the API differs from what is supported in EE 7, the EE 8 variant of the API will be used. Support for this setting will be removed once all EE 8 APIs are provided and certified.
2018-10-29 14:44:26,789 INFO  [org.jboss.as.clustering.infinispan] (ServerService Thread Pool -- 45) WFLYCLINF0001: Activating Infinispan subsystem.
2018-10-29 14:44:26,758 INFO  [org.jboss.as.security] (ServerService Thread Pool -- 60) WFLYSEC0002: Activating Security Subsystem
2018-10-29 14:44:26,758 INFO  [org.jboss.as.webservices] (ServerService Thread Pool -- 64) WFLYWS0002: Activating WebServices Extension
2018-10-29 14:44:26,914 INFO  [org.jboss.as.jsf] (ServerService Thread Pool -- 52) WFLYJSF0007: Activated the following JSF Implementations: [main]
2018-10-29 14:44:26,914 INFO  [org.jboss.as.connector] (MSC service thread 1-1) WFLYJCA0009: Starting JCA Subsystem (WildFly/IronJacamar 1.4.9.Final)
2018-10-29 14:44:26,805 INFO  [org.jboss.as.connector.subsystems.datasources] (ServerService Thread Pool -- 38) WFLYJCA0004: Deploying JDBC-compliant driver class org.h2.Driver (version 1.4)
2018-10-29 14:44:26,883 INFO  [org.jboss.as.naming] (ServerService Thread Pool -- 54) WFLYNAM0001: Activating Naming Subsystem
2018-10-29 14:44:26,758 WARN  [org.jboss.as.txn] (ServerService Thread Pool -- 62) WFLYTX0013: The node-identifier attribute on the /subsystem=transactions is set to the default value. This is a danger for environments running multiple servers. Please make sure the attribute value is unique.
2018-10-29 14:44:27,008 INFO  [org.jboss.as.connector.deployers.jdbc] (MSC service thread 1-7) WFLYJCA0018: Started Driver service with driver-name = h2
2018-10-29 14:44:27,148 INFO  [org.jboss.as.security] (MSC service thread 1-7) WFLYSEC0001: Current PicketBox version=5.0.2.Final
2018-10-29 14:44:27,227 INFO  [org.jboss.as.naming] (MSC service thread 1-1) WFLYNAM0003: Starting Naming Service
2018-10-29 14:44:27,242 INFO  [org.jboss.as.mail.extension] (MSC service thread 1-8) WFLYMAIL0001: Bound mail session [java:jboss/mail/Default]
2018-10-29 14:44:27,383 INFO  [org.wildfly.extension.undertow] (MSC service thread 1-5) WFLYUT0003: Undertow 2.0.9.Final starting
2018-10-29 14:44:28,383 INFO  [org.wildfly.extension.io] (ServerService Thread Pool -- 46) WFLYIO001: Worker 'default' has auto-configured to 8 core threads with 64 task threads based on your 4 available processors
2018-10-29 14:44:28,398 INFO  [org.jboss.as.ejb3] (MSC service thread 1-5) WFLYEJB0481: Strict pool slsb-strict-max-pool is using a max instance size of 64 (per class), which is derived from thread worker pool sizing.
2018-10-29 14:44:28,383 INFO  [org.jboss.as.ejb3] (MSC service thread 1-4) WFLYEJB0482: Strict pool mdb-strict-max-pool is using a max instance size of 16 (per class), which is derived from the number of CPUs on this host.
2018-10-29 14:44:28,508 INFO  [org.jboss.remoting] (MSC service thread 1-3) JBoss Remoting version 5.0.7.Final
2018-10-29 14:44:28,586 INFO  [org.wildfly.extension.undertow] (ServerService Thread Pool -- 63) WFLYUT0014: Creating file handler for path 'C:\Users\Pierre-Alexandre\Documents\GitHub\ProjetS3\Serveur_Local\wildfly-13.0.0.Final/welcome-content' with options [directory-listing: 'false', follow-symlink: 'false', case-sensitive: 'true', safe-symlink-paths: '[]']
2018-10-29 14:44:28,695 INFO  [org.wildfly.extension.undertow] (MSC service thread 1-2) WFLYUT0012: Started server default-server.
2018-10-29 14:44:28,726 INFO  [org.wildfly.extension.undertow] (MSC service thread 1-2) WFLYUT0018: Host default-host starting
2018-10-29 14:44:28,820 INFO  [org.wildfly.extension.undertow] (MSC service thread 1-3) WFLYUT0006: Undertow HTTP listener default listening on 127.0.0.1:8080
2018-10-29 14:44:29,117 INFO  [org.jboss.as.ejb3] (MSC service thread 1-4) WFLYEJB0493: EJB subsystem suspension complete
2018-10-29 14:44:29,305 INFO  [org.jboss.as.jaxrs] (ServerService Thread Pool -- 47) WFLYRS0016: RESTEasy version 3.5.1.Final
2018-10-29 14:44:33,007 INFO  [org.jboss.as.patching] (MSC service thread 1-5) WFLYPAT0050: WildFly Full cumulative patch ID is: base, one-off patches include: none
2018-10-29 14:44:33,039 WARN  [org.jboss.as.domain.management.security] (MSC service thread 1-8) WFLYDM0111: Keystore C:\Users\Pierre-Alexandre\Documents\GitHub\ProjetS3\Serveur_Local\wildfly-13.0.0.Final\standalone\configuration\application.keystore not found, it will be auto generated on first use with a self signed certificate for host localhost
2018-10-29 14:44:33,039 INFO  [org.jboss.as.server.deployment.scanner] (MSC service thread 1-3) WFLYDS0013: Started FileSystemDeploymentService for directory C:\Users\Pierre-Alexandre\Documents\GitHub\ProjetS3\Serveur_Local\wildfly-13.0.0.Final\standalone\deployments
2018-10-29 14:44:33,070 INFO  [org.jboss.as.server.deployment] (MSC service thread 1-8) WFLYSRV0027: Starting deployment of "Serveur_Local.war" (runtime-name: "Serveur_Local.war")
2018-10-29 14:44:33,070 INFO  [org.jboss.as.server.deployment] (MSC service thread 1-7) WFLYSRV0027: Starting deployment of "postgresql-42.2.4.jar" (runtime-name: "jdbc")
2018-10-29 14:44:33,086 ERROR [org.jboss.msc.service.fail] (MSC service thread 1-5) MSC000001: Failed to start service jboss.deployment.unit."Serveur_Local.war".STRUCTURE: org.jboss.msc.service.StartException in service jboss.deployment.unit."Serveur_Local.war".STRUCTURE: WFLYSRV0153: Failed to process phase STRUCTURE of deployment "Serveur_Local.war"
	at org.jboss.as.server@5.0.0.Final//org.jboss.as.server.deployment.DeploymentUnitPhaseService.start(DeploymentUnitPhaseService.java:150)
	at org.jboss.msc@1.4.2.Final//org.jboss.msc.service.ServiceControllerImpl$StartTask.startService(ServiceControllerImpl.java:1736)
	at org.jboss.msc@1.4.2.Final//org.jboss.msc.service.ServiceControllerImpl$StartTask.execute(ServiceControllerImpl.java:1698)
	at org.jboss.msc@1.4.2.Final//org.jboss.msc.service.ServiceControllerImpl$ControllerTask.run(ServiceControllerImpl.java:1556)
	at org.jboss.threads@2.3.2.Final//org.jboss.threads.ContextClassLoaderSavingRunnable.run(ContextClassLoaderSavingRunnable.java:35)
	at org.jboss.threads@2.3.2.Final//org.jboss.threads.EnhancedQueueExecutor.safeRun(EnhancedQueueExecutor.java:1985)
	at org.jboss.threads@2.3.2.Final//org.jboss.threads.EnhancedQueueExecutor$ThreadBody.doRunTask(EnhancedQueueExecutor.java:1487)
	at org.jboss.threads@2.3.2.Final//org.jboss.threads.EnhancedQueueExecutor$ThreadBody.run(EnhancedQueueExecutor.java:1378)
	at java.base/java.lang.Thread.run(Thread.java:844)
Caused by: org.jboss.as.server.deployment.DeploymentUnitProcessingException: WFLYSRV0160: Failed to mount deployment content
	at org.jboss.as.server@5.0.0.Final//org.jboss.as.server.deployment.module.DeploymentRootMountProcessor.deploy(DeploymentRootMountProcessor.java:95)
	at org.jboss.as.server@5.0.0.Final//org.jboss.as.server.deployment.DeploymentUnitPhaseService.start(DeploymentUnitPhaseService.java:143)
	... 8 more
Caused by: java.io.FileNotFoundException: C:\Users\Admin\Documents\GitHub\ProjetS3\Serveur_Local\build\libs\Serveur_Local.war (Le chemin d’accès spécifié est introuvable)
	at java.base/java.io.FileInputStream.open0(Native Method)
	at java.base/java.io.FileInputStream.open(FileInputStream.java:220)
	at java.base/java.io.FileInputStream.<init>(FileInputStream.java:158)
	at org.jboss.vfs@3.2.12.Final//org.jboss.vfs.spi.RootFileSystem.openInputStream(RootFileSystem.java:51)
	at org.jboss.vfs@3.2.12.Final//org.jboss.vfs.VirtualFile.openStream(VirtualFile.java:318)
	at org.jboss.vfs@3.2.12.Final//org.jboss.vfs.VFS.mountZipExpanded(VFS.java:533)
	at org.jboss.as.server@5.0.0.Final//org.jboss.as.server.deployment.DeploymentMountProvider$Factory$ServerDeploymentRepositoryImpl.mountDeploymentContent(DeploymentMountProvider.java:108)
	at org.jboss.as.server@5.0.0.Final//org.jboss.as.server.deployment.module.DeploymentRootMountProcessor.deploy(DeploymentRootMountProcessor.java:91)
	... 9 more

2018-10-29 14:44:33,179 INFO  [org.wildfly.extension.undertow] (MSC service thread 1-3) WFLYUT0006: Undertow HTTPS listener https listening on 127.0.0.1:8443
2018-10-29 14:44:34,992 INFO  [org.jboss.ws.common.management] (MSC service thread 1-4) JBWS022052: Starting JBossWS 5.2.1.Final (Apache CXF 3.2.4.jbossorg-1) 
2018-10-29 14:44:36,304 INFO  [org.jboss.as.connector.deployers.jdbc] (MSC service thread 1-3) WFLYJCA0005: Deploying non-JDBC-compliant driver class org.postgresql.Driver (version 42.2)
2018-10-29 14:44:36,320 INFO  [org.jboss.as.connector.deployers.jdbc] (MSC service thread 1-6) WFLYJCA0018: Started Driver service with driver-name = jdbc
2018-10-29 14:44:36,429 INFO  [org.jboss.as.connector.subsystems.datasources] (MSC service thread 1-3) WFLYJCA0001: Bound data source [java:/jdbc/postgres/fusion/api]
2018-10-29 14:44:36,835 INFO  [org.infinispan.factories.GlobalComponentRegistry] (MSC service thread 1-1) ISPN000128: Infinispan version: Infinispan 'Gaina' 9.2.4.Final
2018-10-29 14:44:37,117 INFO  [org.jboss.as.clustering.infinispan] (ServerService Thread Pool -- 66) WFLYCLINF0002: Started client-mappings cache from ejb container
2018-10-29 14:44:37,195 ERROR [org.jboss.as.controller.management-operation] (Controller Boot Thread) WFLYCTL0013: Operation ("add") failed - address: ([("deployment" => "Serveur_Local.war")]) - failure description: {"WFLYCTL0080: Failed services" => {"jboss.deployment.unit.\"Serveur_Local.war\".STRUCTURE" => "WFLYSRV0153: Failed to process phase STRUCTURE of deployment \"Serveur_Local.war\"
    Caused by: org.jboss.as.server.deployment.DeploymentUnitProcessingException: WFLYSRV0160: Failed to mount deployment content
    Caused by: java.io.FileNotFoundException: C:\\Users\\Admin\\Documents\\GitHub\\ProjetS3\\Serveur_Local\\build\\libs\\Serveur_Local.war (Le chemin d’accès spécifié est introuvable)"}}
2018-10-29 14:44:37,273 INFO  [org.jboss.as.server] (Controller Boot Thread) WFLYSRV0010: Deployed "Serveur_Local.war" (runtime-name : "Serveur_Local.war")
2018-10-29 14:44:37,273 INFO  [org.jboss.as.server] (Controller Boot Thread) WFLYSRV0010: Deployed "postgresql-42.2.4.jar" (runtime-name : "jdbc")
2018-10-29 14:44:37,273 INFO  [org.jboss.as.controller] (Controller Boot Thread) WFLYCTL0183: Service status report
WFLYCTL0186:   Services which failed to start:      service jboss.deployment.unit."Serveur_Local.war".STRUCTURE: WFLYSRV0153: Failed to process phase STRUCTURE of deployment "Serveur_Local.war"

2018-10-29 14:44:37,413 INFO  [org.jboss.as.server] (Controller Boot Thread) WFLYSRV0212: Resuming server
2018-10-29 14:44:37,429 INFO  [org.jboss.as] (Controller Boot Thread) WFLYSRV0060: Http management interface listening on http://127.0.0.1:9990/management
2018-10-29 14:44:37,429 INFO  [org.jboss.as] (Controller Boot Thread) WFLYSRV0051: Admin console listening on http://127.0.0.1:9990
2018-10-29 14:44:37,429 ERROR [org.jboss.as] (Controller Boot Thread) WFLYSRV0026: WildFly Full 13.0.0.Final (WildFly Core 5.0.0.Final) started (with errors) in 23405ms - Started 366 of 559 services (1 services failed or missing dependencies, 311 services are lazy, passive or on-demand)
2018-10-29 14:44:37,616 INFO  [org.jboss.as.server.deployment] (MSC service thread 1-3) WFLYSRV0028: Stopped deployment Serveur_Local.war (runtime-name: Serveur_Local.war) in 3ms
2018-10-29 14:44:37,757 INFO  [org.jboss.as.server] (management-handler-thread - 1) WFLYSRV0009: Undeployed "Serveur_Local.war" (runtime-name: "Serveur_Local.war")
2018-10-29 14:44:37,929 INFO  [org.jboss.as.server.deployment] (MSC service thread 1-6) WFLYSRV0027: Starting deployment of "Serveur_Local.war" (runtime-name: "Serveur_Local.war")
2018-10-29 14:44:40,898 INFO  [org.jboss.weld.deployer] (MSC service thread 1-3) WFLYWELD0003: Processing weld deployment Serveur_Local.war
2018-10-29 14:44:41,241 INFO  [org.hibernate.validator.internal.util.Version] (MSC service thread 1-3) HV000001: Hibernate Validator 6.0.10.Final
2018-10-29 14:44:41,663 INFO  [org.jboss.as.connector.deployers.jdbc] (MSC service thread 1-2) WFLYJCA0005: Deploying non-JDBC-compliant driver class org.postgresql.Driver (version 42.2)
2018-10-29 14:44:41,710 INFO  [org.jboss.weld.Version] (MSC service thread 1-2) WELD-000900: 3.0.4 (Final)
2018-10-29 14:44:41,804 INFO  [org.jboss.as.connector.deployers.jdbc] (MSC service thread 1-1) WFLYJCA0018: Started Driver service with driver-name = Serveur_Local.war_org.postgresql.Driver_42_2
2018-10-29 14:44:42,069 INFO  [org.jboss.weld.Event] (MSC service thread 1-7) WELD-000411: Observer method [BackedAnnotatedMethod] public org.hibernate.validator.cdi.ValidationExtension.processAnnotatedType(@Observes ProcessAnnotatedType<T>) receives events for all annotated types. Consider restricting events using @WithAnnotations or a generic type with bounds.
2018-10-29 14:44:42,101 INFO  [org.jboss.weld.Event] (MSC service thread 1-7) WELD-000411: Observer method [BackedAnnotatedMethod] protected org.mybatis.cdi.MybatisExtension.processAnnotatedType(@Observes ProcessAnnotatedType<T>) receives events for all annotated types. Consider restricting events using @WithAnnotations or a generic type with bounds.
2018-10-29 14:44:42,116 WARN  [org.jboss.weld.Bootstrap] (MSC service thread 1-7) WELD-000146: BeforeBeanDiscovery.addAnnotatedType(AnnotatedType<?>) used for class org.jberet.creation.BatchBeanProducer is deprecated from CDI 1.1!
2018-10-29 14:44:42,257 INFO  [org.mybatis.cdi.MybatisExtension] (MSC service thread 1-7) MyBatis CDI Module - Found class with @Mapper-annotation: Annonce_Mapper
2018-10-29 14:44:42,272 INFO  [org.mybatis.cdi.MybatisExtension] (MSC service thread 1-7) MyBatis CDI Module - Found class with @Mapper-annotation: EtudiantMapper
2018-10-29 14:44:42,647 INFO  [org.mybatis.cdi.MybatisExtension] (MSC service thread 1-7) MyBatis CDI Module - SqlSessionFactory producer MyBatisSqlSessionFactoryProducer.produceFactory
2018-10-29 14:44:42,694 INFO  [org.mybatis.cdi.MybatisExtension] (MSC service thread 1-7) MyBatis CDI Module - Activated
2018-10-29 14:44:42,694 INFO  [org.mybatis.cdi.MybatisExtension] (MSC service thread 1-7) MyBatis CDI Module - Found a bean, which needs a Mapper interface ca.usherbrooke.gegi.server.persistence.EtudiantMapper
2018-10-29 14:44:42,694 INFO  [org.mybatis.cdi.MybatisExtension] (MSC service thread 1-7) MyBatis CDI Module - Found a bean, which needs a Mapper interface ca.usherbrooke.gegi.server.persistence.Annonce_Mapper
2018-10-29 14:44:42,694 INFO  [org.mybatis.cdi.MybatisExtension] (MSC service thread 1-7) MyBatis CDI Module - Managed Mapper dependency: ca.usherbrooke.gegi.server.persistence.EtudiantMapper, ca.usherbrooke.gegi.server.persistence.EtudiantMapper
2018-10-29 14:44:42,694 INFO  [org.mybatis.cdi.MybatisExtension] (MSC service thread 1-7) MyBatis CDI Module - Managed Mapper dependency: ca.usherbrooke.gegi.server.persistence.Annonce_Mapper, ca.usherbrooke.gegi.server.persistence.Annonce_Mapper
2018-10-29 14:44:42,694 INFO  [org.mybatis.cdi.MybatisExtension] (MSC service thread 1-7) MyBatis CDI Module - Managed SqlSession: org.apache.ibatis.session.SqlSession, org.apache.ibatis.session.SqlSession
2018-10-29 14:44:43,647 INFO  [org.jboss.resteasy.resteasy_jaxrs.i18n] (ServerService Thread Pool -- 10) RESTEASY002225: Deploying javax.ws.rs.core.Application: class ca.usherbrooke.gegi.server.injection.RestApplicationPathConfig
2018-10-29 14:44:43,819 INFO  [org.wildfly.extension.undertow] (ServerService Thread Pool -- 10) WFLYUT0021: Registered web context: '/Serveur_Local' for server 'default-server'
2018-10-29 14:44:43,897 INFO  [org.jboss.as.server] (management-handler-thread - 1) WFLYSRV0010: Deployed "Serveur_Local.war" (runtime-name : "Serveur_Local.war")
2018-10-29 14:44:44,304 INFO  [org.jasig.cas.client.configuration.WebXmlConfigurationStrategyImpl] (default task-1) Property [serverName] loaded from FilterConfig.getInitParameter with value [http://localhost:8080]
2018-10-29 14:44:44,304 INFO  [org.jasig.cas.client.configuration.WebXmlConfigurationStrategyImpl] (default task-1) Property [casServerLoginUrl] loaded from FilterConfig.getInitParameter with value [https://cas.usherbrooke.ca/login]
2018-10-29 14:44:44,319 INFO  [org.jasig.cas.client.configuration.WebXmlConfigurationStrategyImpl] (default task-1) Property [serverName] loaded from FilterConfig.getInitParameter with value [http://localhost:8080]
2018-10-29 14:44:44,319 INFO  [org.jasig.cas.client.configuration.WebXmlConfigurationStrategyImpl] (default task-1) Property [casServerUrlPrefix] loaded from FilterConfig.getInitParameter with value [https://cas.usherbrooke.ca]
2018-10-29 15:58:13,103 INFO  [org.jboss.as.server] (management-handler-thread - 2) WFLYSRV0236: Suspending server with no timeout.
2018-10-29 15:58:13,115 INFO  [org.jboss.as.ejb3] (management-handler-thread - 2) WFLYEJB0493: EJB subsystem suspension complete
2018-10-29 15:58:13,122 INFO  [org.jboss.as.server] (Management Triggered Shutdown) WFLYSRV0241: Shutting down in response to management operation 'shutdown'
2018-10-29 15:58:13,169 INFO  [org.jboss.as.connector.deployers.jdbc] (MSC service thread 1-5) WFLYJCA0019: Stopped Driver service with driver-name = h2
2018-10-29 15:58:13,180 INFO  [org.jboss.as.connector.deployers.jdbc] (MSC service thread 1-5) WFLYJCA0019: Stopped Driver service with driver-name = Serveur_Local.war_org.postgresql.Driver_42_2
2018-10-29 15:58:13,182 INFO  [org.jboss.as.connector.subsystems.datasources] (MSC service thread 1-1) WFLYJCA0010: Unbound data source [java:/jdbc/postgres/fusion/api]
2018-10-29 15:58:13,196 INFO  [org.wildfly.extension.undertow] (ServerService Thread Pool -- 72) WFLYUT0022: Unregistered web context: '/Serveur_Local' from server 'default-server'
2018-10-29 15:58:13,216 INFO  [org.jboss.as.connector.deployers.jdbc] (MSC service thread 1-8) WFLYJCA0019: Stopped Driver service with driver-name = jdbc
2018-10-29 15:58:13,259 INFO  [org.wildfly.extension.undertow] (MSC service thread 1-4) WFLYUT0019: Host default-host stopping
2018-10-29 15:58:13,304 INFO  [org.jboss.as.clustering.infinispan] (ServerService Thread Pool -- 73) WFLYCLINF0003: Stopped client-mappings cache from ejb container
2018-10-29 15:58:13,306 INFO  [org.jboss.as.server.deployment] (MSC service thread 1-8) WFLYSRV0028: Stopped deployment postgresql-42.2.4.jar (runtime-name: jdbc) in 163ms
2018-10-29 15:58:13,366 INFO  [org.wildfly.extension.undertow] (MSC service thread 1-8) WFLYUT0008: Undertow HTTP listener default suspending
2018-10-29 15:58:13,370 INFO  [org.wildfly.extension.undertow] (MSC service thread 1-8) WFLYUT0007: Undertow HTTP listener default stopped, was bound to 127.0.0.1:8080
2018-10-29 15:58:13,369 INFO  [org.wildfly.extension.undertow] (MSC service thread 1-7) WFLYUT0008: Undertow HTTPS listener https suspending
2018-10-29 15:58:13,373 INFO  [org.wildfly.extension.undertow] (MSC service thread 1-7) WFLYUT0007: Undertow HTTPS listener https stopped, was bound to 127.0.0.1:8443
2018-10-29 15:58:13,387 INFO  [org.wildfly.extension.undertow] (MSC service thread 1-2) WFLYUT0004: Undertow 2.0.9.Final stopping
